{"error":null,"level":"error","message":"Error logging activity","service":"user-activity-logger"}
{"error":"Authentication failed!!","level":"error","message":"Error logging activity","service":"user-activity-logger"}
{"activity":"Authentication failed!!","level":"error","message":"Error logging activity","service":"user-activity-logger"}
{"activity":"Authentication failed!!","level":"error","message":"Error logging activity","service":"user-activity-logger","user_email":"admincosta@gmail.com"}
{"level":"error","message":"Error logging activity","service":"user-activity-logger","user_email":"admincost@gmail.com"}
{"activity":"Authentication failed!!","level":"error","message":"Error logging activity","service":"user-activity-logger","user_email":"admincosta@gmail.com"}
{"level":"error","message":"Error logging activity","service":"user-activity-logger","user_email":"admincosta@gmail.com"}
{"activity":"Authentication failed!!","level":"error","message":"Error logging activity","service":"user-activity-logger","user_email":"admincosta@gmail.com"}
{"activity":"Authentication failed!!","level":"error","message":"Error logging activity","service":"user-activity-logger","user_email":"admincosta@gmail.com"}
{"activity":"Authentication failed!!","level":"error","message":"Error logging activity","service":"user-activity-logger","user_email":"admincosta@gmail.com"}
{"activity":"Authentication failed!!","level":"error","message":"Error logging activity","service":"user-activity-logger","user_email":"admincosta@gmail.com"}
{"activity":"Invalid email or password","level":"error","message":"Error logging activity","service":"user-activity-logger","user_email":"admincost@gmail.com"}
{"activity":"Invalid email or password","level":"error","message":"Error logging activity","service":"user-activity-logger","user_email":"admincost@gmail.com"}
{"activity":"Authentication failed!!","level":"error","message":"Error logging activity","service":"user-activity-logger","user_email":"costantineyohana1999@gmail.com"}
{"activity":"Invalid email or password","level":"error","message":"Error logging activity","service":"user-activity-logger","user_email":"costantineyohan1999@gmail.com"}
{"activity":"Authentication failed!!","level":"error","message":"Error logging activity","service":"user-activity-logger","user_email":"admincosta@gmail.com"}
{"activity":"Authentication failed!!","level":"error","message":"Error logging activity","service":"user-activity-logger","user_email":"allymtat@gmail.com"}
{"activity":"Authentication failed!!","level":"error","message":"Error logging activity","service":"user-activity-logger","user_email":"allymtat@gmail.com"}
{"activity":"Invalid email or password","level":"error","message":"Error logging activity","service":"user-activity-logger","user_email":"fdg"}
{"activity":"Invalid email or password","level":"error","message":"Error logging activity","service":"user-activity-logger","user_email":"sd"}
{"activity":"Invalid email or password","level":"error","message":"Error logging activity","service":"user-activity-logger","user_email":"costantineyohaa1999@gmail.com"}
{"activity":"Invalid email or password","level":"error","message":"Error logging activity","service":"user-activity-logger","user_email":"costantineyohaa1999@gmail.com"}
{"activity":"Invalid email or password","level":"error","message":"Error logging activity","service":"user-activity-logger","user_email":"costantineyohaa1999@gmail.com"}
{"activity":"Invalid email or password","level":"error","message":"Error logging activity","service":"user-activity-logger","user_email":"costantineyohaa1999@gmail.com"}
{"activity":"Authentication failed!!","level":"error","message":"Error logging activity","service":"user-activity-logger","user_email":"costantineyohana1999@gmail.com"}
{"activity":"Authentication failed!!","level":"error","message":"Error logging activity","service":"user-activity-logger","user_email":"costantineyohana1999@gmail.com"}
{"activity":"Authentication failed!!","level":"error","message":"Error logging activity","service":"user-activity-logger","user_email":"costantineyohana1999@gmail.com"}
{"activity":"Authentication failed!!","level":"error","message":"Error logging activity","service":"user-activity-logger","user_email":"costantineyohana1999@gmail.com"}
{"activity":"Authentication failed!!","level":"error","message":"Error logging activity","service":"user-activity-logger","user_email":"costantineyohana1999@gmail.com"}
{"activity":"Authentication failed!!","level":"error","message":"Error logging activity","service":"user-activity-logger","user_email":"costantineyohana1999@gmail.com"}
{"activity":"Authentication failed!!","level":"error","message":"Error logging activity","service":"user-activity-logger","user_email":"costantineyohana1999@gmail.com"}
{"activity":"Authentication failed!!","level":"error","message":"Error logging activity","service":"user-activity-logger","user_email":"costantineyohana1999@gmail.com"}
{"activity":"Authentication failed!!","level":"error","message":"Error logging activity","service":"user-activity-logger","user_email":"costantineyohana1999@gmail.com"}
{"activity":"Authentication failed!!","level":"error","message":"Error logging activity","service":"user-activity-logger","user_email":"costantineyohana1999@gmail.com"}
{"activity":"Authentication failed!!","level":"error","message":"Error logging activity","service":"user-activity-logger","user_email":"costantineyohana1999@gmail.com"}
{"activity":"Invalid email or password","level":"error","message":"Error logging activity","service":"user-activity-logger","user_email":"cd"}
{"activity":"Authentication failed!!","level":"error","message":"Error logging activity","service":"user-activity-logger","user_email":"admincosta@gmail.com"}
{"activity":"Authentication failed!!","level":"error","message":"Error logging activity","service":"user-activity-logger","user_email":"admincosta@gmail.com"}
{"activity":"Invalid email or password","level":"error","message":"Error logging activity","service":"user-activity-logger","user_email":"fgd"}
{"activity":"Invalid email or password","level":"error","message":"Error logging activity","service":"user-activity-logger","user_email":"fgd"}
{"activity":"Invalid email or password","level":"error","message":"Error logging activity","service":"user-activity-logger","user_email":"fgd"}
{"activity":"Invalid email or password","level":"error","message":"Error logging activity","service":"user-activity-logger","user_email":"xfg"}
{"activity":"Invalid email or password","level":"error","message":"Error logging activity","service":"user-activity-logger","user_email":"jhk"}
{"activity":"Invalid email or password","level":"error","message":"Error logging activity","service":"user-activity-logger","user_email":"fg"}
{"activity":"Authentication failed!!","level":"error","message":"Error logging activity","service":"user-activity-logger","user_email":"admincosta@gmail.com"}
{"activity":"Invalid email or password","level":"error","message":"Error logging activity","service":"user-activity-logger","user_email":"fdgh"}
{"activity":"Invalid email or password","level":"error","message":"Error logging activity","service":"user-activity-logger","user_email":"fdgh"}
{"activity":"Invalid email or password","level":"error","message":"Error logging activity","service":"user-activity-logger","user_email":"fdgh"}
{"activity":"Invalid email or password","level":"error","message":"Error logging activity","service":"user-activity-logger","user_email":"fdgh"}
{"activity":"Invalid email or password","level":"error","message":"Error logging activity","service":"user-activity-logger","user_email":"fdgh"}
{"activity":"Invalid email or password","level":"error","message":"Error logging activity","service":"user-activity-logger","user_email":"fdgh"}
{"activity":"Authentication failed!!","level":"error","message":"Error logging activity","service":"user-activity-logger","user_email":"costantineyohana1999@gmail.com"}
{"activity":"Authentication failed!!","level":"error","message":"Error logging activity","service":"user-activity-logger","user_email":"costantineyohana1999@gmail.com"}
{"activity":"Authentication failed!!","level":"error","message":"Error logging activity","service":"user-activity-logger","user_email":"admincosta@gmail.com"}
{"activity":"Invalid email or password","level":"error","message":"Error logging activity","service":"user-activity-logger","user_email":"fg"}
{"activity":"Invalid email or password","level":"error","message":"Error logging activity","service":"user-activity-logger","user_email":"fg"}
{"activity":"Invalid email or password","level":"error","message":"Error logging activity","service":"user-activity-logger","user_email":"fg"}
{"activity":"Invalid email or password","level":"error","message":"Error logging activity","service":"user-activity-logger","user_email":"fg"}
{"activity":"Authentication failed!!","level":"error","message":"Error logging activity","service":"user-activity-logger","user_email":"costantineyohana1999@gmail.com"}
{"activity":"Authentication failed!!","level":"error","message":"Error logging activity","service":"user-activity-logger","user_email":"costantineyohana1999@gmail.com"}
{"activity":"Authentication failed!!","level":"error","message":"Error logging activity","service":"user-activity-logger","user_email":"costantineyohana1999@gmail.com"}
{"activity":"Authentication failed!!","level":"error","message":"Error logging activity","service":"user-activity-logger","user_email":"costantineyohana1999@gmail.com"}
{"activity":"Authentication failed!!","level":"error","message":"Error logging activity","service":"user-activity-logger","user_email":"costantineyohana1999@gmail.com"}
{"activity":"Authentication failed!!","level":"error","message":"Error logging activity","service":"user-activity-logger","user_email":"costantineyohana1999@gmail.com"}
{"activity":"Authentication failed!!","level":"error","message":"Error logging activity","service":"user-activity-logger","user_email":"costantineyohana1999@gmail.com"}
{"activity":"Authentication failed!!","level":"error","message":"Error logging activity","service":"user-activity-logger","user_email":"costantineyohana1999@gmail.com"}
{"activity":"Authentication failed!!","level":"error","message":"Error logging activity","service":"user-activity-logger","user_email":"costantineyohana1999@gmail.com"}
{"activity":"Authentication failed!!","level":"error","message":"Error logging activity","service":"user-activity-logger","user_email":"admincosta@gmail.com"}
{"activity":"Authentication failed!!","level":"error","message":"Error logging activity","service":"user-activity-logger","user_email":"costantineyohana1999@gmail.com"}
{"activity":"Authentication failed!!","level":"error","message":"Error logging activity","service":"user-activity-logger","user_email":"costantineyohana1999@gmail.com"}
{"activity":"Authentication failed!!","level":"error","message":"Error logging activity","service":"user-activity-logger","user_email":"costantineyohana1999@gmail.com"}
{"activity":"Authentication failed!!","level":"error","message":"Error logging activity","service":"user-activity-logger","user_email":"costantineyohana1999@gmail.com"}
{"activity":"Authentication failed!!","level":"error","message":"Error logging activity","service":"user-activity-logger","user_email":"costantineyohana1999@gmail.com"}
{"activity":"Authentication failed!!","level":"error","message":"Error logging activity","service":"user-activity-logger","user_email":"costantineyohana1999@gmail.com"}
{"activity":"Authentication failed!!","level":"error","message":"Error logging activity","service":"user-activity-logger","user_email":"costantineyohana1999@gmail.com"}
{"activity":"Authentication failed!!","level":"error","message":"Error logging activity","service":"user-activity-logger","user_email":"costantineyohana1999@gmail.com"}
{"activity":"Authentication failed!!","level":"error","message":"Error logging activity","service":"user-activity-logger","user_email":"costantineyohana1999@gmail.com"}
{"activity":"Authentication failed!!","level":"error","message":"Error logging activity","service":"user-activity-logger","user_email":"costantineyohana1999@gmail.com"}
{"activity":"Authentication failed!!","level":"error","message":"Error logging activity","service":"user-activity-logger","user_email":"costantineyohana1999@gmail.com"}
{"activity":"Authentication failed!!","level":"error","message":"Error logging activity","service":"user-activity-logger","user_email":"costantineyohana1999@gmail.com"}
{"activity":"Authentication failed!!","level":"error","message":"Error logging activity","service":"user-activity-logger","user_email":"costantineyohana1999@gmail.com"}
{"activity":"Authentication failed!!","level":"error","message":"Error logging activity","service":"user-activity-logger","user_email":"costantineyohana1999@gmail.com"}
{"activity":"Authentication failed!!","level":"error","message":"Error logging activity","service":"user-activity-logger","user_email":"costantineyohana1999@gmail.com"}
{"activity":"Authentication failed!!","level":"error","message":"Error logging activity","service":"user-activity-logger","user_email":"costantineyohana1999@gmail.com"}
{"activity":"Invalid email or password","level":"error","message":"Error logging activity","service":"user-activity-logger","user_email":"costantineyohna1999@gmail.com"}
{"activity":"Invalid email or password","level":"error","message":"Error logging activity","service":"user-activity-logger","user_email":"costantineyohna1999@gmail.com"}
{"activity":"Invalid email or password","level":"error","message":"Error logging activity","service":"user-activity-logger","user_email":"costantineyohna1999@gmail.com"}
{"activity":"Invalid email or password","level":"error","message":"Error logging activity","service":"user-activity-logger","user_email":"costantineyohna1999@gmail.com"}
{"activity":"Invalid email or password","level":"error","message":"Error logging activity","service":"user-activity-logger","user_email":"costantineyohna1999@gmail.com"}
{"activity":"Invalid email or password","level":"error","message":"Error logging activity","service":"user-activity-logger","user_email":"costantineyohna1999@gmail.com"}
{"activity":"Invalid email or password","level":"error","message":"Error logging activity","service":"user-activity-logger","user_email":"costantineyohna1999@gmail.com"}
{"activity":"Invalid email or password","level":"error","message":"Error logging activity","service":"user-activity-logger","user_email":"costantineyohna1999@gmail.com"}
{"activity":"Authentication failed!!","level":"error","message":"Error logging activity","service":"user-activity-logger","user_email":"admincosta@gmail.com"}
{"activity":"Invalid email or password","level":"error","message":"Error logging activity","service":"user-activity-logger","user_email":"admincosta@gmial.com"}
{"activity":"Authentication failed!!","level":"error","message":"Error logging activity","service":"user-activity-logger","user_email":"admincosta@gmail.com"}
{"activity":"Authentication failed!!","level":"error","message":"Error logging activity","service":"user-activity-logger","user_email":"admincosta@gmail.com"}
{"activity":"Authentication failed!!","level":"error","message":"Error logging activity","service":"user-activity-logger","user_email":"admincosta@gmail.com"}
{"activity":"Authentication failed!!","level":"error","message":"Error logging activity","service":"user-activity-logger","user_email":"admincosta@gmail.com"}
{"activity":"Authentication failed!!","level":"error","message":"Error logging activity","service":"user-activity-logger","user_email":"admincosta@gmail.com"}
{"activity":"Authentication failed!!","level":"error","message":"Error logging activity","service":"user-activity-logger","user_email":"costantineyohana1999@gmail.com"}
{"activity":"Authentication failed!!","level":"error","message":"Error logging activity","service":"user-activity-logger","user_email":"costantineyohana1999@gmail.com"}
{"activity":"Authentication failed!!","level":"error","message":"Error logging activity","service":"user-activity-logger","user_email":"costantineyohana1999@gmail.com"}
{"activity":"Authentication failed!!","level":"error","message":"Error logging activity","service":"user-activity-logger","user_email":"admincosta@gmail.com"}
{"activity":"Authentication failed!!","level":"error","message":"Error logging activity","service":"user-activity-logger","user_email":"admincosta@gmail.com"}
{"activity":"Authentication failed!!","level":"error","message":"Error logging activity","service":"user-activity-logger","user_email":"admincosta@gmail.com"}
{"activity":"Authentication failed!!","level":"error","message":"Error logging activity","service":"user-activity-logger","user_email":"costantineyohana1999@gmail.com"}
{"activity":"Authentication failed!!","level":"error","message":"Error logging activity","service":"user-activity-logger","user_email":"costantineyohana1999@gmail.com"}
{"activity":"Authentication failed!!","level":"error","message":"Error logging activity","service":"user-activity-logger","user_email":"costantineyohana1999@gmail.com"}
{"activity":"Authentication failed!!","level":"error","message":"Error logging activity","service":"user-activity-logger","user_email":"costantineyohana1999@gmail.com"}
{"activity":"Authentication failed!!","level":"error","message":"Error logging activity","service":"user-activity-logger","user_email":"admincosta@gmail.com"}
{"activity":"Invalid email or password","level":"error","message":"Error logging activity","service":"user-activity-logger","user_email":"ss"}
{"activity":"Authentication failed!!","level":"error","message":"Error logging activity","service":"user-activity-logger","user_email":"costantineyohana1999@gmail.com"}
{"activity":"Authentication failed!!","level":"error","message":"Error logging activity","service":"user-activity-logger","user_email":"costantineyohana1999@gmail.com"}
